SF:lib/core_module/data/gateways/core_gateway.dart
DA:23,1
DA:26,1
DA:28,3
DA:29,2
DA:30,1
DA:31,1
DA:33,3
DA:34,0
DA:36,1
LF:9
LH:8
end_of_record
SF:lib/core_module/data/persistence/core_shared_preferences.dart
DA:16,1
DA:19,1
DA:20,3
DA:22,1
DA:23,1
DA:24,5
DA:26,1
DA:27,1
DA:32,1
DA:34,3
DA:35,1
DA:36,1
DA:38,1
DA:39,1
LF:14
LH:14
end_of_record
SF:lib/core_module/data/repositories/core_repository.dart
DA:13,1
DA:16,1
DA:18,3
DA:19,1
DA:20,1
DA:21,2
DA:26,1
DA:28,3
DA:29,1
DA:30,1
DA:31,2
LF:11
LH:11
end_of_record
SF:lib/core_module/domain/entities/picture_entity.dart
DA:9,6
DA:16,2
DA:17,2
DA:18,2
DA:19,2
DA:24,1
DA:25,1
DA:26,1
DA:27,1
LF:9
LH:9
end_of_record
SF:lib/core_module/domain/entities/proxies/proxy_picture_entity.dart
DA:5,6
DA:6,3
DA:7,3
DA:8,3
DA:9,3
DA:12,6
DA:14,6
LF:7
LH:7
end_of_record
SF:lib/core_module/error/exceptions.dart
DA:4,3
DA:5,6
DA:10,0
DA:14,2
DA:18,0
DA:22,1
DA:26,1
LF:7
LH:5
end_of_record
SF:lib/core_module/error/failures.dart
DA:4,3
DA:5,3
LF:2
LH:2
end_of_record
SF:lib/core_module/domain/services/get_pictures_from_shared_prefs_service.dart
DA:9,1
DA:11,4
LF:2
LH:2
end_of_record
SF:lib/core_module/presentation/views/home_view.dart
DA:10,0
DA:13,0
DA:14,0
DA:20,0
DA:22,0
DA:23,0
DA:26,0
DA:28,0
DA:29,0
DA:30,0
DA:31,0
DA:33,0
DA:34,0
DA:36,0
DA:39,0
DA:41,0
DA:42,0
DA:43,0
DA:44,0
DA:45,0
DA:46,0
DA:47,0
DA:48,0
DA:49,0
DA:50,0
DA:51,0
DA:52,0
DA:54,0
DA:55,0
DA:56,0
DA:64,0
DA:65,0
DA:66,0
DA:68,0
DA:69,0
DA:70,0
DA:91,0
DA:93,0
DA:95,0
DA:96,0
DA:97,0
DA:98,0
DA:99,0
DA:100,0
DA:101,0
DA:102,0
DA:104,0
DA:108,0
DA:109,0
DA:110,0
DA:111,0
DA:112,0
DA:113,0
DA:115,0
DA:126,0
DA:128,0
DA:130,0
DA:131,0
DA:132,0
DA:133,0
DA:134,0
DA:135,0
DA:136,0
DA:137,0
DA:140,0
DA:141,0
DA:142,0
DA:143,0
DA:145,0
DA:146,0
DA:147,0
DA:148,0
DA:150,0
DA:151,0
DA:152,0
DA:153,0
DA:155,0
DA:159,0
DA:160,0
DA:161,0
DA:162,0
DA:163,0
DA:164,0
DA:165,0
DA:166,0
DA:167,0
DA:168,0
DA:170,0
DA:171,0
DA:188,0
DA:190,0
DA:192,0
DA:193,0
DA:194,0
DA:197,0
DA:198,0
DA:200,0
DA:201,0
DA:202,0
DA:203,0
DA:205,0
DA:207,0
DA:216,14
DA:218,0
DA:220,0
DA:236,0
DA:238,0
DA:240,0
DA:241,0
DA:242,0
DA:243,0
DA:244,0
DA:245,0
DA:246,0
DA:247,0
DA:248,0
DA:249,0
DA:251,0
DA:252,0
DA:263,7
DA:265,0
DA:267,0
DA:268,0
DA:269,0
DA:271,0
DA:273,0
DA:274,0
LF:127
LH:2
end_of_record
SF:lib/core_module/presentation/views/picture_detailed_view.dart
DA:9,0
DA:11,0
DA:13,0
DA:14,0
DA:16,0
DA:17,0
DA:18,0
DA:19,0
DA:20,0
DA:21,0
DA:22,0
DA:23,0
DA:24,0
DA:25,0
DA:27,0
DA:28,0
DA:29,0
DA:30,0
DA:31,0
DA:32,0
DA:33,0
DA:34,0
DA:37,0
DA:38,0
LF:24
LH:0
end_of_record
SF:lib/core_module/shared/get_shared_preferences.dart
DA:4,0
DA:8,0
DA:9,0
LF:3
LH:0
end_of_record
SF:lib/core_module/domain/services/get_pictures_from_date_service.dart
DA:9,1
DA:11,1
DA:12,3
LF:3
LH:3
end_of_record
SF:lib/core_module/presentation/controllers/home_view_controller.dart
DA:12,0
DA:20,0
DA:21,0
DA:24,0
DA:25,0
DA:26,0
DA:27,0
DA:28,0
DA:29,0
DA:30,0
DA:31,0
DA:33,0
DA:35,0
DA:39,0
DA:40,0
DA:41,0
DA:43,0
DA:44,0
DA:46,0
DA:48,0
DA:49,0
DA:50,0
DA:53,0
DA:54,0
DA:55,0
DA:56,0
DA:57,0
DA:58,0
DA:59,0
DA:60,0
DA:62,0
DA:66,0
DA:67,0
DA:68,0
DA:70,0
DA:71,0
DA:72,0
DA:73,0
DA:79,0
DA:80,0
DA:81,0
DA:82,0
DA:85,0
DA:86,0
DA:87,0
LF:45
LH:0
end_of_record
SF:lib/core_module/shared/ui/connection_snackbar.dart
DA:8,0
DA:10,0
DA:12,0
DA:13,0
LF:4
LH:0
end_of_record
SF:lib/main.dart
DA:5,0
DA:6,0
DA:7,0
DA:11,7
DA:13,0
DA:15,0
DA:17,0
DA:18,0
DA:19,0
DA:20,0
DA:22,0
DA:24,0
DA:25,0
LF:13
LH:1
end_of_record
SF:lib/core_module/data/mappers/picture_entity_mapper.dart
DA:5,2
DA:7,2
DA:8,4
DA:9,2
DA:10,2
DA:11,2
DA:14,0
DA:18,1
DA:19,1
DA:21,2
DA:22,2
DA:23,2
DA:24,2
DA:27,0
LF:14
LH:12
end_of_record
SF:lib/core_module/error/success.dart
DA:4,0
DA:5,0
LF:2
LH:0
end_of_record
SF:lib/core_module/shared/proxies/proxier.dart
DA:3,15
DA:4,15
DA:5,0
DA:6,12
LF:4
LH:3
end_of_record
SF:lib/core_module/shared/ui/scale.dart
DA:4,0
DA:5,0
DA:7,0
DA:8,0
DA:9,0
DA:11,0
DA:12,0
DA:13,0
DA:14,0
DA:19,0
DA:20,0
DA:21,0
DA:22,0
DA:23,0
DA:24,0
DA:25,0
DA:26,0
DA:27,0
DA:31,0
DA:32,0
DA:33,0
LF:21
LH:0
end_of_record
SF:lib/global_module.dart
DA:17,0
DA:18,0
LF:2
LH:0
end_of_record
SF:lib/core_module/shared/network/core_http_client.dart
DA:14,0
DA:15,0
DA:16,0
DA:21,0
DA:22,0
DA:23,0
LF:6
LH:0
end_of_record
