SF:lib/core_module/data/gateways/core_gateway.dart
DA:18,1
DA:21,1
DA:23,3
DA:24,2
DA:25,1
DA:26,1
DA:28,3
DA:30,0
DA:32,1
DA:37,1
DA:39,3
DA:40,2
DA:41,2
DA:43,3
DA:45,1
LF:15
LH:14
end_of_record
SF:lib/core_module/data/persistence/core_shared_preferences.dart
DA:20,1
DA:22,0
DA:25,0
DA:28,0
DA:31,0
DA:35,1
DA:36,3
DA:38,1
DA:39,1
DA:40,5
DA:42,1
DA:43,1
DA:47,0
DA:50,0
DA:53,0
DA:56,0
DA:60,1
DA:62,3
DA:63,1
DA:64,1
DA:66,1
DA:67,1
LF:22
LH:14
end_of_record
SF:lib/core_module/data/repositories/core_repository.dart
DA:13,1
DA:16,1
DA:18,3
DA:19,1
DA:20,1
DA:21,2
DA:26,0
DA:28,0
DA:29,0
DA:30,0
DA:31,0
LF:11
LH:6
end_of_record
SF:lib/core_module/domain/entities/picture_entity.dart
DA:9,7
DA:16,2
DA:17,2
DA:18,2
DA:19,2
DA:24,1
DA:25,1
DA:26,1
DA:27,1
LF:9
LH:9
end_of_record
SF:lib/core_module/domain/entities/proxies/proxy_picture_entity.dart
DA:5,6
DA:6,3
DA:7,3
DA:8,3
DA:9,3
DA:12,6
DA:14,6
LF:7
LH:7
end_of_record
SF:lib/core_module/error/exceptions.dart
DA:4,3
DA:5,6
DA:10,0
DA:14,2
DA:18,1
DA:22,1
DA:26,1
LF:7
LH:6
end_of_record
SF:lib/core_module/error/failures.dart
DA:4,3
DA:5,3
LF:2
LH:2
end_of_record
SF:lib/core_module/data/mappers/picture_entity_mapper.dart
DA:5,3
DA:7,3
DA:8,6
DA:9,3
DA:10,3
DA:11,3
DA:14,0
DA:18,1
DA:19,1
DA:21,2
DA:22,2
DA:23,2
DA:24,2
DA:27,0
LF:14
LH:12
end_of_record
SF:lib/core_module/shared/get_shared_preferences.dart
DA:4,0
DA:8,0
DA:9,0
LF:3
LH:0
end_of_record
SF:lib/core_module/error/success.dart
DA:4,0
DA:5,0
LF:2
LH:0
end_of_record
SF:lib/core_module/shared/proxies/proxier.dart
DA:3,15
DA:4,15
DA:5,0
DA:6,12
LF:4
LH:3
end_of_record
SF:lib/core_module/shared/network/core_http_client.dart
DA:14,0
DA:15,0
DA:16,0
DA:21,0
DA:22,0
DA:23,0
LF:6
LH:0
end_of_record
SF:lib/core_module/domain/services/get_pictures_from_date_service.dart
DA:9,1
DA:11,1
DA:12,3
LF:3
LH:3
end_of_record
SF:lib/core_module/domain/services/get_pictures_from_shared_prefs_service.dart
DA:9,1
DA:11,4
LF:2
LH:2
end_of_record
SF:lib/core_module/presentation/controllers/home_view_controller.dart
DA:11,0
DA:19,0
DA:20,0
DA:23,0
DA:24,0
DA:25,0
DA:26,0
DA:27,0
DA:28,0
DA:29,0
DA:30,0
DA:32,0
DA:36,0
DA:37,0
DA:38,0
DA:40,0
DA:41,0
DA:43,0
DA:45,0
DA:46,0
DA:47,0
DA:50,0
DA:51,0
DA:52,0
DA:53,0
DA:54,0
DA:55,0
DA:56,0
DA:57,0
DA:59,0
DA:63,0
DA:64,0
DA:65,0
DA:67,0
DA:68,0
DA:69,0
DA:70,0
DA:76,0
DA:77,0
DA:78,0
DA:79,0
DA:82,0
DA:83,0
DA:84,0
LF:44
LH:0
end_of_record
